{"/Users/sam/Development/PCB/pcb/projects/client/src/config.ts": {"path":"/Users/sam/Development/PCB/pcb/projects/client/src/config.ts","all":false,"statementMap":{"1":{"start":{"line":2,"column":0},"end":{"line":2,"column":37}},"3":{"start":{"line":4,"column":0},"end":{"line":4,"column":54}},"4":{"start":{"line":5,"column":0},"end":{"line":5,"column":18}},"5":{"start":{"line":6,"column":0},"end":{"line":6,"column":21}},"6":{"start":{"line":7,"column":0},"end":{"line":7,"column":3}},"9":{"start":{"line":10,"column":0},"end":{"line":10,"column":47}},"10":{"start":{"line":11,"column":0},"end":{"line":11,"column":67}},"11":{"start":{"line":12,"column":0},"end":{"line":12,"column":64}},"13":{"start":{"line":14,"column":0},"end":{"line":14,"column":22}},"14":{"start":{"line":15,"column":0},"end":{"line":15,"column":35}},"15":{"start":{"line":16,"column":0},"end":{"line":16,"column":3}},"17":{"start":{"line":18,"column":0},"end":{"line":18,"column":33}},"18":{"start":{"line":19,"column":0},"end":{"line":19,"column":2}},"20":{"start":{"line":21,"column":0},"end":{"line":21,"column":23}},"21":{"start":{"line":22,"column":0},"end":{"line":22,"column":30}},"23":{"start":{"line":24,"column":0},"end":{"line":24,"column":37}},"24":{"start":{"line":25,"column":0},"end":{"line":25,"column":36}},"25":{"start":{"line":26,"column":0},"end":{"line":26,"column":2}},"27":{"start":{"line":28,"column":0},"end":{"line":28,"column":22}}},"s":{"1":1,"3":1,"4":1,"5":1,"6":1,"9":0,"10":0,"11":0,"13":1,"14":0,"15":0,"17":0,"18":0,"20":1,"21":1,"23":1,"24":1,"25":1,"27":1},"branchMap":{"0":{"type":"branch","line":2,"loc":{"start":{"line":2,"column":22},"end":{"line":19,"column":2}},"locations":[{"start":{"line":2,"column":22},"end":{"line":19,"column":2}}]},"1":{"type":"branch","line":7,"loc":{"start":{"line":7,"column":2},"end":{"line":11,"column":67}},"locations":[{"start":{"line":7,"column":2},"end":{"line":11,"column":67}}]},"2":{"type":"branch","line":11,"loc":{"start":{"line":11,"column":52},"end":{"line":12,"column":64}},"locations":[{"start":{"line":11,"column":52},"end":{"line":12,"column":64}}]},"3":{"type":"branch","line":14,"loc":{"start":{"line":14,"column":21},"end":{"line":19,"column":2}},"locations":[{"start":{"line":14,"column":21},"end":{"line":19,"column":2}}]}},"b":{"0":[1],"1":[0],"2":[0],"3":[0]},"fnMap":{"0":{"name":"getApiBaseUrl","decl":{"start":{"line":2,"column":22},"end":{"line":19,"column":2}},"loc":{"start":{"line":2,"column":22},"end":{"line":19,"column":2}},"line":2}},"f":{"0":1}}
,"/Users/sam/Development/PCB/pcb/projects/client/src/components/GraphCanvas.tsx": {"path":"/Users/sam/Development/PCB/pcb/projects/client/src/components/GraphCanvas.tsx","all":false,"statementMap":{"1":{"start":{"line":2,"column":0},"end":{"line":2,"column":49}},"3":{"start":{"line":4,"column":0},"end":{"line":4,"column":25}},"7":{"start":{"line":8,"column":0},"end":{"line":8,"column":59}},"34":{"start":{"line":35,"column":0},"end":{"line":35,"column":79}},"35":{"start":{"line":36,"column":0},"end":{"line":36,"column":20}},"37":{"start":{"line":38,"column":0},"end":{"line":38,"column":63}},"40":{"start":{"line":41,"column":0},"end":{"line":41,"column":18}},"41":{"start":{"line":42,"column":0},"end":{"line":42,"column":24}},"42":{"start":{"line":43,"column":0},"end":{"line":43,"column":25}},"43":{"start":{"line":44,"column":0},"end":{"line":44,"column":25}},"44":{"start":{"line":45,"column":0},"end":{"line":45,"column":27}},"45":{"start":{"line":46,"column":0},"end":{"line":46,"column":28}},"46":{"start":{"line":47,"column":0},"end":{"line":47,"column":30}},"47":{"start":{"line":48,"column":0},"end":{"line":48,"column":28}},"48":{"start":{"line":49,"column":0},"end":{"line":49,"column":19}},"51":{"start":{"line":52,"column":0},"end":{"line":52,"column":18}},"52":{"start":{"line":53,"column":0},"end":{"line":53,"column":91}},"53":{"start":{"line":54,"column":0},"end":{"line":54,"column":25}},"54":{"start":{"line":55,"column":0},"end":{"line":55,"column":30}},"55":{"start":{"line":56,"column":0},"end":{"line":56,"column":29}},"56":{"start":{"line":57,"column":0},"end":{"line":57,"column":2}},"64":{"start":{"line":65,"column":0},"end":{"line":65,"column":69}},"65":{"start":{"line":66,"column":0},"end":{"line":66,"column":19}},"66":{"start":{"line":67,"column":0},"end":{"line":67,"column":20}},"69":{"start":{"line":70,"column":0},"end":{"line":70,"column":34}},"70":{"start":{"line":71,"column":0},"end":{"line":71,"column":49}},"71":{"start":{"line":72,"column":0},"end":{"line":72,"column":48}},"72":{"start":{"line":73,"column":0},"end":{"line":73,"column":49}},"73":{"start":{"line":74,"column":0},"end":{"line":74,"column":48}},"74":{"start":{"line":75,"column":0},"end":{"line":75,"column":49}},"75":{"start":{"line":76,"column":0},"end":{"line":76,"column":48}},"76":{"start":{"line":77,"column":0},"end":{"line":77,"column":49}},"77":{"start":{"line":78,"column":0},"end":{"line":78,"column":34}},"79":{"start":{"line":80,"column":0},"end":{"line":80,"column":18}},"80":{"start":{"line":81,"column":0},"end":{"line":81,"column":22}},"81":{"start":{"line":82,"column":0},"end":{"line":82,"column":25}},"82":{"start":{"line":83,"column":0},"end":{"line":83,"column":30}},"83":{"start":{"line":84,"column":0},"end":{"line":84,"column":28}},"84":{"start":{"line":85,"column":0},"end":{"line":85,"column":38}},"85":{"start":{"line":86,"column":0},"end":{"line":86,"column":2}},"93":{"start":{"line":94,"column":0},"end":{"line":94,"column":70}},"95":{"start":{"line":96,"column":0},"end":{"line":96,"column":18}},"96":{"start":{"line":97,"column":0},"end":{"line":97,"column":19}},"97":{"start":{"line":98,"column":0},"end":{"line":98,"column":20}},"98":{"start":{"line":99,"column":0},"end":{"line":99,"column":19}},"99":{"start":{"line":100,"column":0},"end":{"line":100,"column":19}},"100":{"start":{"line":101,"column":0},"end":{"line":101,"column":30}},"101":{"start":{"line":102,"column":0},"end":{"line":102,"column":29}},"103":{"start":{"line":104,"column":0},"end":{"line":104,"column":18}},"104":{"start":{"line":105,"column":0},"end":{"line":105,"column":18}},"105":{"start":{"line":106,"column":0},"end":{"line":106,"column":20}},"106":{"start":{"line":107,"column":0},"end":{"line":107,"column":18}},"107":{"start":{"line":108,"column":0},"end":{"line":108,"column":19}},"108":{"start":{"line":109,"column":0},"end":{"line":109,"column":30}},"109":{"start":{"line":110,"column":0},"end":{"line":110,"column":29}},"110":{"start":{"line":111,"column":0},"end":{"line":111,"column":2}},"119":{"start":{"line":120,"column":0},"end":{"line":120,"column":86}},"121":{"start":{"line":122,"column":0},"end":{"line":122,"column":63}},"124":{"start":{"line":125,"column":0},"end":{"line":125,"column":18}},"125":{"start":{"line":126,"column":0},"end":{"line":126,"column":19}},"126":{"start":{"line":127,"column":0},"end":{"line":127,"column":25}},"127":{"start":{"line":128,"column":0},"end":{"line":128,"column":22}},"128":{"start":{"line":129,"column":0},"end":{"line":129,"column":27}},"129":{"start":{"line":130,"column":0},"end":{"line":130,"column":25}},"130":{"start":{"line":131,"column":0},"end":{"line":131,"column":30}},"131":{"start":{"line":132,"column":0},"end":{"line":132,"column":28}},"132":{"start":{"line":133,"column":0},"end":{"line":133,"column":19}},"135":{"start":{"line":136,"column":0},"end":{"line":136,"column":18}},"136":{"start":{"line":137,"column":0},"end":{"line":137,"column":18}},"137":{"start":{"line":138,"column":0},"end":{"line":138,"column":18}},"138":{"start":{"line":139,"column":0},"end":{"line":139,"column":22}},"139":{"start":{"line":140,"column":0},"end":{"line":140,"column":23}},"140":{"start":{"line":141,"column":0},"end":{"line":141,"column":25}},"141":{"start":{"line":142,"column":0},"end":{"line":142,"column":30}},"142":{"start":{"line":143,"column":0},"end":{"line":143,"column":29}},"143":{"start":{"line":144,"column":0},"end":{"line":144,"column":2}},"158":{"start":{"line":159,"column":0},"end":{"line":159,"column":53}},"160":{"start":{"line":161,"column":0},"end":{"line":161,"column":44}},"162":{"start":{"line":163,"column":0},"end":{"line":163,"column":86}},"164":{"start":{"line":165,"column":0},"end":{"line":165,"column":38}},"166":{"start":{"line":167,"column":0},"end":{"line":167,"column":27}},"170":{"start":{"line":171,"column":0},"end":{"line":171,"column":73}},"171":{"start":{"line":172,"column":0},"end":{"line":172,"column":22}},"172":{"start":{"line":173,"column":0},"end":{"line":173,"column":42}},"173":{"start":{"line":174,"column":0},"end":{"line":174,"column":5}},"176":{"start":{"line":177,"column":0},"end":{"line":177,"column":76}},"177":{"start":{"line":178,"column":0},"end":{"line":178,"column":19}},"178":{"start":{"line":179,"column":0},"end":{"line":179,"column":48}},"179":{"start":{"line":180,"column":0},"end":{"line":180,"column":39}},"180":{"start":{"line":181,"column":0},"end":{"line":181,"column":40}},"181":{"start":{"line":182,"column":0},"end":{"line":182,"column":46}},"182":{"start":{"line":183,"column":0},"end":{"line":183,"column":7}},"183":{"start":{"line":184,"column":0},"end":{"line":184,"column":47}},"184":{"start":{"line":185,"column":0},"end":{"line":185,"column":5}},"187":{"start":{"line":188,"column":0},"end":{"line":188,"column":80}},"188":{"start":{"line":189,"column":0},"end":{"line":189,"column":27}},"189":{"start":{"line":190,"column":0},"end":{"line":190,"column":47}},"190":{"start":{"line":191,"column":0},"end":{"line":191,"column":5}},"193":{"start":{"line":194,"column":0},"end":{"line":194,"column":75}},"194":{"start":{"line":195,"column":0},"end":{"line":195,"column":19}},"195":{"start":{"line":196,"column":0},"end":{"line":196,"column":33}},"196":{"start":{"line":197,"column":0},"end":{"line":197,"column":5}},"199":{"start":{"line":200,"column":0},"end":{"line":200,"column":59}},"201":{"start":{"line":202,"column":0},"end":{"line":202,"column":5}},"202":{"start":{"line":203,"column":0},"end":{"line":203,"column":5}},"204":{"start":{"line":205,"column":0},"end":{"line":205,"column":51}},"205":{"start":{"line":206,"column":0},"end":{"line":206,"column":2}},"214":{"start":{"line":215,"column":0},"end":{"line":215,"column":193}},"215":{"start":{"line":216,"column":0},"end":{"line":216,"column":48}},"217":{"start":{"line":218,"column":0},"end":{"line":218,"column":67}},"218":{"start":{"line":219,"column":0},"end":{"line":219,"column":3}},"219":{"start":{"line":220,"column":0},"end":{"line":220,"column":16}},"220":{"start":{"line":221,"column":0},"end":{"line":221,"column":2}},"230":{"start":{"line":231,"column":0},"end":{"line":231,"column":204}},"231":{"start":{"line":232,"column":0},"end":{"line":232,"column":93}},"232":{"start":{"line":233,"column":0},"end":{"line":233,"column":19}},"233":{"start":{"line":234,"column":0},"end":{"line":234,"column":3}},"234":{"start":{"line":235,"column":0},"end":{"line":235,"column":16}},"235":{"start":{"line":236,"column":0},"end":{"line":236,"column":2}},"237":{"start":{"line":238,"column":0},"end":{"line":238,"column":89}},"238":{"start":{"line":239,"column":0},"end":{"line":239,"column":52}},"240":{"start":{"line":241,"column":0},"end":{"line":241,"column":19}},"241":{"start":{"line":242,"column":0},"end":{"line":242,"column":58}},"244":{"start":{"line":245,"column":0},"end":{"line":245,"column":66}},"246":{"start":{"line":247,"column":0},"end":{"line":247,"column":23}},"247":{"start":{"line":248,"column":0},"end":{"line":248,"column":23}},"248":{"start":{"line":249,"column":0},"end":{"line":249,"column":42}},"249":{"start":{"line":250,"column":0},"end":{"line":250,"column":32}},"252":{"start":{"line":253,"column":0},"end":{"line":253,"column":36}},"253":{"start":{"line":254,"column":0},"end":{"line":254,"column":42}},"254":{"start":{"line":255,"column":0},"end":{"line":255,"column":25}},"255":{"start":{"line":256,"column":0},"end":{"line":256,"column":24}},"256":{"start":{"line":257,"column":0},"end":{"line":257,"column":25}},"257":{"start":{"line":258,"column":0},"end":{"line":258,"column":46}},"259":{"start":{"line":260,"column":0},"end":{"line":260,"column":26}},"260":{"start":{"line":261,"column":0},"end":{"line":261,"column":37}},"261":{"start":{"line":262,"column":0},"end":{"line":262,"column":27}},"262":{"start":{"line":263,"column":0},"end":{"line":263,"column":45}},"263":{"start":{"line":264,"column":0},"end":{"line":264,"column":31}},"266":{"start":{"line":267,"column":0},"end":{"line":267,"column":22}},"267":{"start":{"line":268,"column":0},"end":{"line":268,"column":27}},"268":{"start":{"line":269,"column":0},"end":{"line":269,"column":29}},"269":{"start":{"line":270,"column":0},"end":{"line":270,"column":34}},"271":{"start":{"line":272,"column":0},"end":{"line":272,"column":25}},"272":{"start":{"line":273,"column":0},"end":{"line":273,"column":50}},"273":{"start":{"line":274,"column":0},"end":{"line":274,"column":13}},"274":{"start":{"line":275,"column":0},"end":{"line":275,"column":15}},"275":{"start":{"line":276,"column":0},"end":{"line":276,"column":10}},"276":{"start":{"line":277,"column":0},"end":{"line":277,"column":53}},"277":{"start":{"line":278,"column":0},"end":{"line":278,"column":24}},"278":{"start":{"line":279,"column":0},"end":{"line":279,"column":24}},"279":{"start":{"line":280,"column":0},"end":{"line":280,"column":7}},"280":{"start":{"line":281,"column":0},"end":{"line":281,"column":57}},"281":{"start":{"line":282,"column":0},"end":{"line":282,"column":61}},"282":{"start":{"line":283,"column":0},"end":{"line":283,"column":56}},"284":{"start":{"line":285,"column":0},"end":{"line":285,"column":42}},"285":{"start":{"line":286,"column":0},"end":{"line":286,"column":57}},"286":{"start":{"line":287,"column":0},"end":{"line":287,"column":6}},"288":{"start":{"line":289,"column":0},"end":{"line":289,"column":96}},"289":{"start":{"line":290,"column":0},"end":{"line":290,"column":71}},"290":{"start":{"line":291,"column":0},"end":{"line":291,"column":50}},"291":{"start":{"line":292,"column":0},"end":{"line":292,"column":57}},"292":{"start":{"line":293,"column":0},"end":{"line":293,"column":55}},"293":{"start":{"line":294,"column":0},"end":{"line":294,"column":46}},"296":{"start":{"line":297,"column":0},"end":{"line":297,"column":50}},"297":{"start":{"line":298,"column":0},"end":{"line":298,"column":50}},"298":{"start":{"line":299,"column":0},"end":{"line":299,"column":34}},"300":{"start":{"line":301,"column":0},"end":{"line":301,"column":58}},"301":{"start":{"line":302,"column":0},"end":{"line":302,"column":18}},"302":{"start":{"line":303,"column":0},"end":{"line":303,"column":38}},"303":{"start":{"line":304,"column":0},"end":{"line":304,"column":47}},"304":{"start":{"line":305,"column":0},"end":{"line":305,"column":12}},"305":{"start":{"line":306,"column":0},"end":{"line":306,"column":16}},"307":{"start":{"line":308,"column":0},"end":{"line":308,"column":52}},"308":{"start":{"line":309,"column":0},"end":{"line":309,"column":54}},"309":{"start":{"line":310,"column":0},"end":{"line":310,"column":69}},"310":{"start":{"line":311,"column":0},"end":{"line":311,"column":18}},"311":{"start":{"line":312,"column":0},"end":{"line":312,"column":38}},"312":{"start":{"line":313,"column":0},"end":{"line":313,"column":47}},"313":{"start":{"line":314,"column":0},"end":{"line":314,"column":12}},"314":{"start":{"line":315,"column":0},"end":{"line":315,"column":9}},"315":{"start":{"line":316,"column":0},"end":{"line":316,"column":14}},"317":{"start":{"line":318,"column":0},"end":{"line":318,"column":57}},"318":{"start":{"line":319,"column":0},"end":{"line":319,"column":16}},"319":{"start":{"line":320,"column":0},"end":{"line":320,"column":46}},"320":{"start":{"line":321,"column":0},"end":{"line":321,"column":35}},"321":{"start":{"line":322,"column":0},"end":{"line":322,"column":10}},"322":{"start":{"line":323,"column":0},"end":{"line":323,"column":7}},"323":{"start":{"line":324,"column":0},"end":{"line":324,"column":6}},"326":{"start":{"line":327,"column":0},"end":{"line":327,"column":32}},"327":{"start":{"line":328,"column":0},"end":{"line":328,"column":30}},"328":{"start":{"line":329,"column":0},"end":{"line":329,"column":24}},"329":{"start":{"line":330,"column":0},"end":{"line":330,"column":28}},"330":{"start":{"line":331,"column":0},"end":{"line":331,"column":19}},"331":{"start":{"line":332,"column":0},"end":{"line":332,"column":27}},"332":{"start":{"line":333,"column":0},"end":{"line":333,"column":30}},"333":{"start":{"line":334,"column":0},"end":{"line":334,"column":46}},"334":{"start":{"line":335,"column":0},"end":{"line":335,"column":85}},"337":{"start":{"line":338,"column":0},"end":{"line":338,"column":38}},"338":{"start":{"line":339,"column":0},"end":{"line":339,"column":34}},"339":{"start":{"line":340,"column":0},"end":{"line":340,"column":21}},"340":{"start":{"line":341,"column":0},"end":{"line":341,"column":28}},"341":{"start":{"line":342,"column":0},"end":{"line":342,"column":16}},"342":{"start":{"line":343,"column":0},"end":{"line":343,"column":34}},"345":{"start":{"line":346,"column":0},"end":{"line":346,"column":102}},"348":{"start":{"line":349,"column":0},"end":{"line":349,"column":34}},"349":{"start":{"line":350,"column":0},"end":{"line":350,"column":43}},"350":{"start":{"line":351,"column":0},"end":{"line":351,"column":29}},"352":{"start":{"line":353,"column":0},"end":{"line":353,"column":32}},"353":{"start":{"line":354,"column":0},"end":{"line":354,"column":48}},"356":{"start":{"line":357,"column":0},"end":{"line":357,"column":84}},"359":{"start":{"line":360,"column":0},"end":{"line":360,"column":80}},"360":{"start":{"line":361,"column":0},"end":{"line":361,"column":35}},"361":{"start":{"line":362,"column":0},"end":{"line":362,"column":64}},"362":{"start":{"line":363,"column":0},"end":{"line":363,"column":30}},"363":{"start":{"line":364,"column":0},"end":{"line":364,"column":58}},"364":{"start":{"line":365,"column":0},"end":{"line":365,"column":31}},"365":{"start":{"line":366,"column":0},"end":{"line":366,"column":59}},"366":{"start":{"line":367,"column":0},"end":{"line":367,"column":42}},"367":{"start":{"line":368,"column":0},"end":{"line":368,"column":14}},"369":{"start":{"line":370,"column":0},"end":{"line":370,"column":24}},"370":{"start":{"line":371,"column":0},"end":{"line":371,"column":25}},"371":{"start":{"line":372,"column":0},"end":{"line":372,"column":25}},"372":{"start":{"line":373,"column":0},"end":{"line":373,"column":28}},"373":{"start":{"line":374,"column":0},"end":{"line":374,"column":29}},"374":{"start":{"line":375,"column":0},"end":{"line":375,"column":34}},"375":{"start":{"line":376,"column":0},"end":{"line":376,"column":36}},"376":{"start":{"line":377,"column":0},"end":{"line":377,"column":34}},"377":{"start":{"line":378,"column":0},"end":{"line":378,"column":25}},"378":{"start":{"line":379,"column":0},"end":{"line":379,"column":7}},"381":{"start":{"line":382,"column":0},"end":{"line":382,"column":46}},"382":{"start":{"line":383,"column":0},"end":{"line":383,"column":86}},"383":{"start":{"line":384,"column":0},"end":{"line":384,"column":47}},"384":{"start":{"line":385,"column":0},"end":{"line":385,"column":90}},"386":{"start":{"line":387,"column":0},"end":{"line":387,"column":24}},"387":{"start":{"line":388,"column":0},"end":{"line":388,"column":30}},"388":{"start":{"line":389,"column":0},"end":{"line":389,"column":31}},"389":{"start":{"line":390,"column":0},"end":{"line":390,"column":31}},"390":{"start":{"line":391,"column":0},"end":{"line":391,"column":33}},"391":{"start":{"line":392,"column":0},"end":{"line":392,"column":31}},"392":{"start":{"line":393,"column":0},"end":{"line":393,"column":37}},"393":{"start":{"line":394,"column":0},"end":{"line":394,"column":34}},"394":{"start":{"line":395,"column":0},"end":{"line":395,"column":88}},"395":{"start":{"line":396,"column":0},"end":{"line":396,"column":25}},"398":{"start":{"line":399,"column":0},"end":{"line":399,"column":26}},"399":{"start":{"line":400,"column":0},"end":{"line":400,"column":35}},"400":{"start":{"line":401,"column":0},"end":{"line":401,"column":37}},"401":{"start":{"line":402,"column":0},"end":{"line":402,"column":23}},"402":{"start":{"line":403,"column":0},"end":{"line":403,"column":35}},"403":{"start":{"line":404,"column":0},"end":{"line":404,"column":36}},"404":{"start":{"line":405,"column":0},"end":{"line":405,"column":35}},"406":{"start":{"line":407,"column":0},"end":{"line":407,"column":24}},"407":{"start":{"line":408,"column":0},"end":{"line":408,"column":63}},"408":{"start":{"line":409,"column":0},"end":{"line":409,"column":34}},"409":{"start":{"line":410,"column":0},"end":{"line":410,"column":36}},"410":{"start":{"line":411,"column":0},"end":{"line":411,"column":40}},"411":{"start":{"line":412,"column":0},"end":{"line":412,"column":34}},"412":{"start":{"line":413,"column":0},"end":{"line":413,"column":51}},"413":{"start":{"line":414,"column":0},"end":{"line":414,"column":35}},"414":{"start":{"line":415,"column":0},"end":{"line":415,"column":39}},"415":{"start":{"line":416,"column":0},"end":{"line":416,"column":7}},"418":{"start":{"line":419,"column":0},"end":{"line":419,"column":33}},"419":{"start":{"line":420,"column":0},"end":{"line":420,"column":47}},"420":{"start":{"line":421,"column":0},"end":{"line":421,"column":31}},"421":{"start":{"line":422,"column":0},"end":{"line":422,"column":56}},"422":{"start":{"line":423,"column":0},"end":{"line":423,"column":31}},"423":{"start":{"line":424,"column":0},"end":{"line":424,"column":7}},"425":{"start":{"line":426,"column":0},"end":{"line":426,"column":22}},"426":{"start":{"line":427,"column":0},"end":{"line":427,"column":19}},"427":{"start":{"line":428,"column":0},"end":{"line":428,"column":38}},"428":{"start":{"line":429,"column":0},"end":{"line":429,"column":45}},"429":{"start":{"line":430,"column":0},"end":{"line":430,"column":33}},"430":{"start":{"line":431,"column":0},"end":{"line":431,"column":54}},"431":{"start":{"line":432,"column":0},"end":{"line":432,"column":34}},"432":{"start":{"line":433,"column":0},"end":{"line":433,"column":37}},"435":{"start":{"line":436,"column":0},"end":{"line":436,"column":22}},"436":{"start":{"line":437,"column":0},"end":{"line":437,"column":29}},"437":{"start":{"line":438,"column":0},"end":{"line":438,"column":38}},"438":{"start":{"line":439,"column":0},"end":{"line":439,"column":44}},"439":{"start":{"line":440,"column":0},"end":{"line":440,"column":32}},"440":{"start":{"line":441,"column":0},"end":{"line":441,"column":54}},"441":{"start":{"line":442,"column":0},"end":{"line":442,"column":35}},"444":{"start":{"line":445,"column":0},"end":{"line":445,"column":39}},"445":{"start":{"line":446,"column":0},"end":{"line":446,"column":49}},"446":{"start":{"line":447,"column":0},"end":{"line":447,"column":45}},"447":{"start":{"line":448,"column":0},"end":{"line":448,"column":45}},"450":{"start":{"line":451,"column":0},"end":{"line":451,"column":79}},"451":{"start":{"line":452,"column":0},"end":{"line":452,"column":86}},"454":{"start":{"line":455,"column":0},"end":{"line":455,"column":50}},"455":{"start":{"line":456,"column":0},"end":{"line":456,"column":51}},"456":{"start":{"line":457,"column":0},"end":{"line":457,"column":31}},"458":{"start":{"line":459,"column":0},"end":{"line":459,"column":43}},"459":{"start":{"line":460,"column":0},"end":{"line":460,"column":56}},"460":{"start":{"line":461,"column":0},"end":{"line":461,"column":32}},"461":{"start":{"line":462,"column":0},"end":{"line":462,"column":29}},"462":{"start":{"line":463,"column":0},"end":{"line":463,"column":58}},"463":{"start":{"line":464,"column":0},"end":{"line":464,"column":67}},"464":{"start":{"line":465,"column":0},"end":{"line":465,"column":32}},"465":{"start":{"line":466,"column":0},"end":{"line":466,"column":31}},"466":{"start":{"line":467,"column":0},"end":{"line":467,"column":56}},"467":{"start":{"line":468,"column":0},"end":{"line":468,"column":68}},"468":{"start":{"line":469,"column":0},"end":{"line":469,"column":32}},"469":{"start":{"line":470,"column":0},"end":{"line":470,"column":29}},"470":{"start":{"line":471,"column":0},"end":{"line":471,"column":9}},"473":{"start":{"line":474,"column":0},"end":{"line":474,"column":26}},"474":{"start":{"line":475,"column":0},"end":{"line":475,"column":29}},"475":{"start":{"line":476,"column":0},"end":{"line":476,"column":29}},"476":{"start":{"line":477,"column":0},"end":{"line":477,"column":23}},"477":{"start":{"line":478,"column":0},"end":{"line":478,"column":32}},"478":{"start":{"line":479,"column":0},"end":{"line":479,"column":36}},"479":{"start":{"line":480,"column":0},"end":{"line":480,"column":48}},"482":{"start":{"line":483,"column":0},"end":{"line":483,"column":43}},"483":{"start":{"line":484,"column":0},"end":{"line":484,"column":28}},"484":{"start":{"line":485,"column":0},"end":{"line":485,"column":35}},"485":{"start":{"line":486,"column":0},"end":{"line":486,"column":35}},"486":{"start":{"line":487,"column":0},"end":{"line":487,"column":25}},"487":{"start":{"line":488,"column":0},"end":{"line":488,"column":36}},"488":{"start":{"line":489,"column":0},"end":{"line":489,"column":38}},"489":{"start":{"line":490,"column":0},"end":{"line":490,"column":37}},"491":{"start":{"line":492,"column":0},"end":{"line":492,"column":26}},"492":{"start":{"line":493,"column":0},"end":{"line":493,"column":22}},"493":{"start":{"line":494,"column":0},"end":{"line":494,"column":34}},"494":{"start":{"line":495,"column":0},"end":{"line":495,"column":34}},"495":{"start":{"line":496,"column":0},"end":{"line":496,"column":42}},"496":{"start":{"line":497,"column":0},"end":{"line":497,"column":36}},"497":{"start":{"line":498,"column":0},"end":{"line":498,"column":53}},"498":{"start":{"line":499,"column":0},"end":{"line":499,"column":37}},"499":{"start":{"line":500,"column":0},"end":{"line":500,"column":41}},"500":{"start":{"line":501,"column":0},"end":{"line":501,"column":9}},"503":{"start":{"line":504,"column":0},"end":{"line":504,"column":35}},"504":{"start":{"line":505,"column":0},"end":{"line":505,"column":43}},"505":{"start":{"line":506,"column":0},"end":{"line":506,"column":33}},"506":{"start":{"line":507,"column":0},"end":{"line":507,"column":55}},"507":{"start":{"line":508,"column":0},"end":{"line":508,"column":33}},"508":{"start":{"line":509,"column":0},"end":{"line":509,"column":9}},"510":{"start":{"line":511,"column":0},"end":{"line":511,"column":24}},"511":{"start":{"line":512,"column":0},"end":{"line":512,"column":20}},"512":{"start":{"line":513,"column":0},"end":{"line":513,"column":28}},"513":{"start":{"line":514,"column":0},"end":{"line":514,"column":76}},"514":{"start":{"line":515,"column":0},"end":{"line":515,"column":89}},"515":{"start":{"line":516,"column":0},"end":{"line":516,"column":35}},"516":{"start":{"line":517,"column":0},"end":{"line":517,"column":56}},"517":{"start":{"line":518,"column":0},"end":{"line":518,"column":35}},"518":{"start":{"line":519,"column":0},"end":{"line":519,"column":81}},"519":{"start":{"line":520,"column":0},"end":{"line":520,"column":9}},"520":{"start":{"line":521,"column":0},"end":{"line":521,"column":7}},"523":{"start":{"line":524,"column":0},"end":{"line":524,"column":33}},"525":{"start":{"line":526,"column":0},"end":{"line":526,"column":34}},"526":{"start":{"line":527,"column":0},"end":{"line":527,"column":74}},"527":{"start":{"line":528,"column":0},"end":{"line":528,"column":74}},"530":{"start":{"line":531,"column":0},"end":{"line":531,"column":53}},"531":{"start":{"line":532,"column":0},"end":{"line":532,"column":48}},"532":{"start":{"line":533,"column":0},"end":{"line":533,"column":41}},"533":{"start":{"line":534,"column":0},"end":{"line":534,"column":41}},"534":{"start":{"line":535,"column":0},"end":{"line":535,"column":49}},"535":{"start":{"line":536,"column":0},"end":{"line":536,"column":9}},"538":{"start":{"line":539,"column":0},"end":{"line":539,"column":68}},"539":{"start":{"line":540,"column":0},"end":{"line":540,"column":7}},"541":{"start":{"line":542,"column":0},"end":{"line":542,"column":68}},"542":{"start":{"line":543,"column":0},"end":{"line":543,"column":46}},"543":{"start":{"line":544,"column":0},"end":{"line":544,"column":36}},"544":{"start":{"line":545,"column":0},"end":{"line":545,"column":67}},"545":{"start":{"line":546,"column":0},"end":{"line":546,"column":21}},"546":{"start":{"line":547,"column":0},"end":{"line":547,"column":21}},"547":{"start":{"line":548,"column":0},"end":{"line":548,"column":10}},"548":{"start":{"line":549,"column":0},"end":{"line":549,"column":35}},"549":{"start":{"line":550,"column":0},"end":{"line":550,"column":25}},"550":{"start":{"line":551,"column":0},"end":{"line":551,"column":25}},"551":{"start":{"line":552,"column":0},"end":{"line":552,"column":10}},"552":{"start":{"line":553,"column":0},"end":{"line":553,"column":34}},"553":{"start":{"line":554,"column":0},"end":{"line":554,"column":55}},"554":{"start":{"line":555,"column":0},"end":{"line":555,"column":22}},"555":{"start":{"line":556,"column":0},"end":{"line":556,"column":22}},"556":{"start":{"line":557,"column":0},"end":{"line":557,"column":11}},"557":{"start":{"line":558,"column":0},"end":{"line":558,"column":5}},"558":{"start":{"line":559,"column":0},"end":{"line":559,"column":45}},"560":{"start":{"line":561,"column":0},"end":{"line":561,"column":10}},"561":{"start":{"line":562,"column":0},"end":{"line":562,"column":9}},"562":{"start":{"line":563,"column":0},"end":{"line":563,"column":19}},"563":{"start":{"line":564,"column":0},"end":{"line":564,"column":19}},"564":{"start":{"line":565,"column":0},"end":{"line":565,"column":19}},"565":{"start":{"line":566,"column":0},"end":{"line":566,"column":34}},"566":{"start":{"line":567,"column":0},"end":{"line":567,"column":6}},"568":{"start":{"line":569,"column":0},"end":{"line":569,"column":2}},"570":{"start":{"line":571,"column":0},"end":{"line":571,"column":27}}},"s":{"1":1,"3":1,"7":1,"34":1,"35":0,"37":0,"40":0,"41":0,"42":0,"43":0,"44":0,"45":0,"46":0,"47":0,"48":0,"51":0,"52":0,"53":0,"54":0,"55":0,"56":0,"64":1,"65":0,"66":0,"69":0,"70":0,"71":0,"72":0,"73":0,"74":0,"75":0,"76":0,"77":0,"79":0,"80":0,"81":0,"82":0,"83":0,"84":0,"85":0,"93":1,"95":0,"96":0,"97":0,"98":0,"99":0,"100":0,"101":0,"103":0,"104":0,"105":0,"106":0,"107":0,"108":0,"109":0,"110":0,"119":1,"121":0,"124":0,"125":0,"126":0,"127":0,"128":0,"129":0,"130":0,"131":0,"132":0,"135":0,"136":0,"137":0,"138":0,"139":0,"140":0,"141":0,"142":0,"143":0,"158":1,"160":13,"162":13,"164":13,"166":13,"170":2,"171":2,"172":1,"173":1,"176":2,"177":2,"178":1,"179":1,"180":1,"181":1,"182":1,"183":1,"184":1,"187":2,"188":2,"189":0,"190":0,"193":2,"194":2,"195":0,"196":0,"199":2,"201":0,"202":13,"204":13,"205":13,"214":1,"215":0,"217":0,"218":0,"219":0,"220":0,"230":1,"231":0,"232":0,"233":0,"234":0,"235":0,"237":1,"238":17,"240":17,"241":17,"244":13,"246":13,"247":13,"248":13,"249":13,"252":13,"253":13,"254":13,"255":13,"256":13,"257":13,"259":13,"260":13,"261":13,"262":13,"263":13,"266":13,"267":13,"268":13,"269":13,"271":13,"272":13,"273":13,"274":13,"275":13,"276":13,"277":13,"278":13,"279":13,"280":13,"281":13,"282":13,"284":13,"285":0,"286":0,"288":13,"289":0,"290":0,"291":0,"292":0,"293":0,"296":0,"297":0,"298":0,"300":0,"301":0,"302":0,"303":0,"304":0,"305":0,"307":0,"308":0,"309":0,"310":0,"311":0,"312":0,"313":0,"314":0,"315":0,"317":0,"318":0,"319":0,"320":0,"321":0,"322":0,"323":0,"326":13,"327":13,"328":13,"329":13,"330":13,"331":13,"332":13,"333":13,"334":13,"337":13,"338":13,"339":13,"340":13,"341":13,"342":13,"345":13,"348":13,"349":0,"350":0,"352":0,"353":0,"356":0,"359":0,"360":0,"361":0,"362":0,"363":0,"364":0,"365":0,"366":0,"367":0,"369":0,"370":0,"371":0,"372":0,"373":0,"374":0,"375":0,"376":0,"377":0,"378":0,"381":0,"382":0,"383":0,"384":0,"386":0,"387":0,"388":0,"389":0,"390":0,"391":0,"392":0,"393":0,"394":0,"395":0,"398":0,"399":0,"400":0,"401":0,"402":0,"403":0,"404":0,"406":0,"407":0,"408":0,"409":0,"410":0,"411":0,"412":0,"413":0,"414":0,"415":0,"418":0,"419":0,"420":0,"421":0,"422":0,"423":0,"425":0,"426":0,"427":0,"428":0,"429":0,"430":0,"431":0,"432":0,"435":0,"436":0,"437":0,"438":0,"439":0,"440":0,"441":0,"444":0,"445":0,"446":0,"447":0,"450":0,"451":0,"454":0,"455":0,"456":0,"458":0,"459":0,"460":0,"461":0,"462":0,"463":0,"464":0,"465":0,"466":0,"467":0,"468":0,"469":0,"470":0,"473":0,"474":0,"475":0,"476":0,"477":0,"478":0,"479":0,"482":0,"483":0,"484":0,"485":0,"486":0,"487":0,"488":0,"489":0,"491":0,"492":0,"493":0,"494":0,"495":0,"496":0,"497":0,"498":0,"499":0,"500":0,"503":0,"504":0,"505":0,"506":0,"507":0,"508":0,"510":0,"511":0,"512":0,"513":0,"514":0,"515":0,"516":0,"517":0,"518":0,"519":0,"520":13,"523":13,"525":0,"526":0,"527":0,"530":0,"531":0,"532":0,"533":0,"534":0,"535":0,"538":0,"539":13,"541":13,"542":13,"543":13,"544":0,"545":0,"546":0,"547":13,"548":13,"549":0,"550":0,"551":13,"552":13,"553":0,"554":0,"555":0,"556":13,"557":13,"558":17,"560":17,"561":17,"562":17,"563":17,"564":17,"565":17,"566":17,"568":17,"570":1},"branchMap":{"0":{"type":"branch","line":159,"loc":{"start":{"line":159,"column":30},"end":{"line":206,"column":2}},"locations":[{"start":{"line":159,"column":30},"end":{"line":206,"column":2}}]},"1":{"type":"branch","line":167,"loc":{"start":{"line":167,"column":17},"end":{"line":203,"column":3}},"locations":[{"start":{"line":167,"column":17},"end":{"line":203,"column":3}}]},"2":{"type":"branch","line":172,"loc":{"start":{"line":172,"column":21},"end":{"line":174,"column":5}},"locations":[{"start":{"line":172,"column":21},"end":{"line":174,"column":5}}]},"3":{"type":"branch","line":178,"loc":{"start":{"line":178,"column":18},"end":{"line":185,"column":5}},"locations":[{"start":{"line":178,"column":18},"end":{"line":185,"column":5}}]},"4":{"type":"branch","line":189,"loc":{"start":{"line":189,"column":26},"end":{"line":191,"column":5}},"locations":[{"start":{"line":189,"column":26},"end":{"line":191,"column":5}}]},"5":{"type":"branch","line":195,"loc":{"start":{"line":195,"column":18},"end":{"line":197,"column":5}},"locations":[{"start":{"line":195,"column":18},"end":{"line":197,"column":5}}]},"6":{"type":"branch","line":200,"loc":{"start":{"line":200,"column":58},"end":{"line":202,"column":5}},"locations":[{"start":{"line":200,"column":58},"end":{"line":202,"column":5}}]},"7":{"type":"branch","line":238,"loc":{"start":{"line":238,"column":37},"end":{"line":569,"column":2}},"locations":[{"start":{"line":238,"column":37},"end":{"line":569,"column":2}}]},"8":{"type":"branch","line":241,"loc":{"start":{"line":241,"column":12},"end":{"line":559,"column":5}},"locations":[{"start":{"line":241,"column":12},"end":{"line":559,"column":5}}]},"9":{"type":"branch","line":242,"loc":{"start":{"line":242,"column":9},"end":{"line":242,"column":41}},"locations":[{"start":{"line":242,"column":9},"end":{"line":242,"column":41}}]},"10":{"type":"branch","line":242,"loc":{"start":{"line":242,"column":30},"end":{"line":242,"column":51}},"locations":[{"start":{"line":242,"column":30},"end":{"line":242,"column":51}}]},"11":{"type":"branch","line":242,"loc":{"start":{"line":242,"column":51},"end":{"line":242,"column":58}},"locations":[{"start":{"line":242,"column":51},"end":{"line":242,"column":58}}]},"12":{"type":"branch","line":242,"loc":{"start":{"line":242,"column":51},"end":{"line":558,"column":5}},"locations":[{"start":{"line":242,"column":51},"end":{"line":558,"column":5}}]},"13":{"type":"branch","line":542,"loc":{"start":{"line":542,"column":4},"end":{"line":558,"column":5}},"locations":[{"start":{"line":542,"column":4},"end":{"line":558,"column":5}}]}},"b":{"0":[13],"1":[2],"2":[1],"3":[1],"4":[0],"5":[0],"6":[0],"7":[17],"8":[17],"9":[14],"10":[14],"11":[4],"12":[13],"13":[13]},"fnMap":{"0":{"name":"drawICSymbol","decl":{"start":{"line":35,"column":21},"end":{"line":57,"column":2}},"loc":{"start":{"line":35,"column":21},"end":{"line":57,"column":2}},"line":35},"1":{"name":"drawResistorSymbol","decl":{"start":{"line":65,"column":27},"end":{"line":86,"column":2}},"loc":{"start":{"line":65,"column":27},"end":{"line":86,"column":2}},"line":65},"2":{"name":"drawCapacitorSymbol","decl":{"start":{"line":94,"column":28},"end":{"line":111,"column":2}},"loc":{"start":{"line":94,"column":28},"end":{"line":111,"column":2}},"line":94},"3":{"name":"drawConnectorSymbol","decl":{"start":{"line":120,"column":28},"end":{"line":144,"column":2}},"loc":{"start":{"line":120,"column":28},"end":{"line":144,"column":2}},"line":120},"4":{"name":"parseValidationErrors","decl":{"start":{"line":159,"column":30},"end":{"line":206,"column":2}},"loc":{"start":{"line":159,"column":30},"end":{"line":206,"column":2}},"line":159},"5":{"name":"getComponentErrorSeverity","decl":{"start":{"line":215,"column":34},"end":{"line":221,"column":2}},"loc":{"start":{"line":215,"column":34},"end":{"line":221,"column":2}},"line":215},"6":{"name":"getPinErrorSeverity","decl":{"start":{"line":231,"column":28},"end":{"line":236,"column":2}},"loc":{"start":{"line":231,"column":28},"end":{"line":236,"column":2}},"line":231},"7":{"name":"GraphCanvas","decl":{"start":{"line":238,"column":37},"end":{"line":569,"column":2}},"loc":{"start":{"line":238,"column":37},"end":{"line":569,"column":2}},"line":238},"8":{"name":"getComponent","decl":{"start":{"line":285,"column":25},"end":{"line":287,"column":6}},"loc":{"start":{"line":285,"column":25},"end":{"line":287,"column":6}},"line":285},"9":{"name":"getPinPosition","decl":{"start":{"line":289,"column":27},"end":{"line":324,"column":6}},"loc":{"start":{"line":289,"column":27},"end":{"line":324,"column":6}},"line":289},"10":{"name":"drag","decl":{"start":{"line":542,"column":4},"end":{"line":558,"column":5}},"loc":{"start":{"line":542,"column":4},"end":{"line":558,"column":5}},"line":542}},"f":{"0":0,"1":0,"2":0,"3":0,"4":13,"5":0,"6":0,"7":17,"8":0,"9":0,"10":13}}
,"/Users/sam/Development/PCB/pcb/projects/client/src/pages/HomePage.tsx": {"path":"/Users/sam/Development/PCB/pcb/projects/client/src/pages/HomePage.tsx","all":false,"statementMap":{"1":{"start":{"line":2,"column":0},"end":{"line":2,"column":51}},"5":{"start":{"line":6,"column":0},"end":{"line":6,"column":52}},"7":{"start":{"line":8,"column":0},"end":{"line":8,"column":65}},"9":{"start":{"line":10,"column":0},"end":{"line":10,"column":51}},"25":{"start":{"line":26,"column":0},"end":{"line":26,"column":21}},"27":{"start":{"line":28,"column":0},"end":{"line":28,"column":67}},"29":{"start":{"line":30,"column":0},"end":{"line":30,"column":53}},"31":{"start":{"line":32,"column":0},"end":{"line":32,"column":96}},"32":{"start":{"line":33,"column":0},"end":{"line":33,"column":8}},"33":{"start":{"line":34,"column":0},"end":{"line":34,"column":4}},"35":{"start":{"line":36,"column":0},"end":{"line":36,"column":67}},"49":{"start":{"line":50,"column":0},"end":{"line":50,"column":72}},"50":{"start":{"line":51,"column":0},"end":{"line":51,"column":37}},"51":{"start":{"line":52,"column":0},"end":{"line":52,"column":22}},"54":{"start":{"line":55,"column":0},"end":{"line":55,"column":36}},"55":{"start":{"line":56,"column":0},"end":{"line":56,"column":30}},"56":{"start":{"line":57,"column":0},"end":{"line":57,"column":11}},"58":{"start":{"line":59,"column":0},"end":{"line":59,"column":64}},"61":{"start":{"line":62,"column":0},"end":{"line":62,"column":55}},"64":{"start":{"line":65,"column":0},"end":{"line":65,"column":25}},"65":{"start":{"line":66,"column":0},"end":{"line":66,"column":36}},"66":{"start":{"line":67,"column":0},"end":{"line":67,"column":43}},"69":{"start":{"line":70,"column":0},"end":{"line":70,"column":78}},"71":{"start":{"line":72,"column":0},"end":{"line":72,"column":53}},"72":{"start":{"line":73,"column":0},"end":{"line":73,"column":26}},"74":{"start":{"line":75,"column":0},"end":{"line":75,"column":54}},"75":{"start":{"line":76,"column":0},"end":{"line":76,"column":11}},"76":{"start":{"line":77,"column":0},"end":{"line":77,"column":21}},"78":{"start":{"line":79,"column":0},"end":{"line":79,"column":42}},"79":{"start":{"line":80,"column":0},"end":{"line":80,"column":25}},"80":{"start":{"line":81,"column":0},"end":{"line":81,"column":27}},"81":{"start":{"line":82,"column":0},"end":{"line":82,"column":7}},"82":{"start":{"line":83,"column":0},"end":{"line":83,"column":6}},"84":{"start":{"line":85,"column":0},"end":{"line":85,"column":28}},"85":{"start":{"line":86,"column":0},"end":{"line":86,"column":4}},"93":{"start":{"line":94,"column":0},"end":{"line":94,"column":19}},"94":{"start":{"line":95,"column":0},"end":{"line":95,"column":40}},"95":{"start":{"line":96,"column":0},"end":{"line":96,"column":65}},"96":{"start":{"line":97,"column":0},"end":{"line":97,"column":34}},"97":{"start":{"line":98,"column":0},"end":{"line":98,"column":6}},"99":{"start":{"line":100,"column":0},"end":{"line":100,"column":21}},"100":{"start":{"line":101,"column":0},"end":{"line":101,"column":9}},"102":{"start":{"line":103,"column":0},"end":{"line":103,"column":10}},"103":{"start":{"line":104,"column":0},"end":{"line":104,"column":34}},"105":{"start":{"line":106,"column":0},"end":{"line":106,"column":34}},"106":{"start":{"line":107,"column":0},"end":{"line":107,"column":61}},"107":{"start":{"line":108,"column":0},"end":{"line":108,"column":72}},"108":{"start":{"line":109,"column":0},"end":{"line":109,"column":12}},"110":{"start":{"line":111,"column":0},"end":{"line":111,"column":34}},"112":{"start":{"line":113,"column":0},"end":{"line":113,"column":37}},"114":{"start":{"line":115,"column":0},"end":{"line":115,"column":37}},"115":{"start":{"line":116,"column":0},"end":{"line":116,"column":70}},"116":{"start":{"line":117,"column":0},"end":{"line":117,"column":42}},"117":{"start":{"line":118,"column":0},"end":{"line":118,"column":50}},"118":{"start":{"line":119,"column":0},"end":{"line":119,"column":80}},"120":{"start":{"line":121,"column":0},"end":{"line":121,"column":22}},"121":{"start":{"line":122,"column":0},"end":{"line":122,"column":18}},"122":{"start":{"line":123,"column":0},"end":{"line":123,"column":16}},"125":{"start":{"line":126,"column":0},"end":{"line":126,"column":23}},"126":{"start":{"line":127,"column":0},"end":{"line":127,"column":39}},"127":{"start":{"line":128,"column":0},"end":{"line":128,"column":59}},"128":{"start":{"line":129,"column":0},"end":{"line":129,"column":45}},"129":{"start":{"line":130,"column":0},"end":{"line":130,"column":43}},"130":{"start":{"line":131,"column":0},"end":{"line":131,"column":65}},"131":{"start":{"line":132,"column":0},"end":{"line":132,"column":81}},"132":{"start":{"line":133,"column":0},"end":{"line":133,"column":22}},"133":{"start":{"line":134,"column":0},"end":{"line":134,"column":43}},"134":{"start":{"line":135,"column":0},"end":{"line":135,"column":59}},"135":{"start":{"line":136,"column":0},"end":{"line":136,"column":75}},"136":{"start":{"line":137,"column":0},"end":{"line":137,"column":22}},"137":{"start":{"line":138,"column":0},"end":{"line":138,"column":43}},"138":{"start":{"line":139,"column":0},"end":{"line":139,"column":66}},"139":{"start":{"line":140,"column":0},"end":{"line":140,"column":47}},"141":{"start":{"line":142,"column":0},"end":{"line":142,"column":88}},"142":{"start":{"line":143,"column":0},"end":{"line":143,"column":25}},"143":{"start":{"line":144,"column":0},"end":{"line":144,"column":22}},"144":{"start":{"line":145,"column":0},"end":{"line":145,"column":20}},"145":{"start":{"line":146,"column":0},"end":{"line":146,"column":18}},"149":{"start":{"line":150,"column":0},"end":{"line":150,"column":33}},"150":{"start":{"line":151,"column":0},"end":{"line":151,"column":51}},"151":{"start":{"line":152,"column":0},"end":{"line":152,"column":66}},"152":{"start":{"line":153,"column":0},"end":{"line":153,"column":41}},"153":{"start":{"line":154,"column":0},"end":{"line":154,"column":43}},"154":{"start":{"line":155,"column":0},"end":{"line":155,"column":65}},"155":{"start":{"line":156,"column":0},"end":{"line":156,"column":19}},"156":{"start":{"line":157,"column":0},"end":{"line":157,"column":19}},"157":{"start":{"line":158,"column":0},"end":{"line":158,"column":18}},"161":{"start":{"line":162,"column":0},"end":{"line":162,"column":38}},"162":{"start":{"line":163,"column":0},"end":{"line":163,"column":39}},"163":{"start":{"line":164,"column":0},"end":{"line":164,"column":65}},"164":{"start":{"line":165,"column":0},"end":{"line":165,"column":48}},"165":{"start":{"line":166,"column":0},"end":{"line":166,"column":48}},"166":{"start":{"line":167,"column":0},"end":{"line":167,"column":54}},"167":{"start":{"line":168,"column":0},"end":{"line":168,"column":93}},"168":{"start":{"line":169,"column":0},"end":{"line":169,"column":38}},"169":{"start":{"line":170,"column":0},"end":{"line":170,"column":39}},"170":{"start":{"line":171,"column":0},"end":{"line":171,"column":37}},"171":{"start":{"line":172,"column":0},"end":{"line":172,"column":38}},"172":{"start":{"line":173,"column":0},"end":{"line":173,"column":40}},"173":{"start":{"line":174,"column":0},"end":{"line":174,"column":34}},"174":{"start":{"line":175,"column":0},"end":{"line":175,"column":23}},"175":{"start":{"line":176,"column":0},"end":{"line":176,"column":27}},"176":{"start":{"line":177,"column":0},"end":{"line":177,"column":19}},"177":{"start":{"line":178,"column":0},"end":{"line":178,"column":20}},"178":{"start":{"line":179,"column":0},"end":{"line":179,"column":18}},"180":{"start":{"line":181,"column":0},"end":{"line":181,"column":14}},"183":{"start":{"line":184,"column":0},"end":{"line":184,"column":41}},"184":{"start":{"line":185,"column":0},"end":{"line":185,"column":22}},"185":{"start":{"line":186,"column":0},"end":{"line":186,"column":46}},"187":{"start":{"line":188,"column":0},"end":{"line":188,"column":95}},"188":{"start":{"line":189,"column":0},"end":{"line":189,"column":18}},"191":{"start":{"line":192,"column":0},"end":{"line":192,"column":45}},"192":{"start":{"line":193,"column":0},"end":{"line":193,"column":51}},"193":{"start":{"line":194,"column":0},"end":{"line":194,"column":58}},"194":{"start":{"line":195,"column":0},"end":{"line":195,"column":42}},"195":{"start":{"line":196,"column":0},"end":{"line":196,"column":74}},"196":{"start":{"line":197,"column":0},"end":{"line":197,"column":20}},"197":{"start":{"line":198,"column":0},"end":{"line":198,"column":18}},"199":{"start":{"line":200,"column":0},"end":{"line":200,"column":14}},"200":{"start":{"line":201,"column":0},"end":{"line":201,"column":12}},"201":{"start":{"line":202,"column":0},"end":{"line":202,"column":10}},"203":{"start":{"line":204,"column":0},"end":{"line":204,"column":1}},"205":{"start":{"line":206,"column":0},"end":{"line":206,"column":24}}},"s":{"1":1,"5":1,"7":1,"9":1,"25":1,"27":1,"29":1,"31":1,"32":1,"33":1,"35":1,"49":1,"50":0,"51":0,"54":0,"55":0,"56":0,"58":0,"61":0,"64":0,"65":0,"66":0,"69":0,"71":0,"72":0,"74":0,"75":0,"76":0,"78":0,"79":0,"80":0,"81":0,"82":0,"84":0,"85":0,"93":1,"94":1,"95":1,"96":0,"97":1,"99":1,"100":1,"102":1,"103":1,"105":1,"106":1,"107":1,"108":1,"110":1,"112":1,"114":1,"115":1,"116":1,"117":1,"118":1,"120":1,"121":1,"122":1,"125":1,"126":0,"127":0,"128":0,"129":0,"130":0,"131":0,"132":0,"133":0,"134":0,"135":0,"136":0,"137":0,"138":0,"139":0,"141":0,"142":0,"143":0,"144":0,"145":0,"149":1,"150":0,"151":0,"152":0,"153":0,"154":0,"155":0,"156":0,"157":0,"161":1,"162":0,"163":0,"164":0,"165":0,"166":0,"167":0,"168":0,"169":0,"170":0,"171":0,"172":0,"173":0,"174":0,"175":0,"176":0,"177":0,"178":0,"180":1,"183":1,"184":1,"185":0,"187":0,"188":0,"191":1,"192":1,"193":1,"194":1,"195":1,"196":1,"197":1,"199":1,"200":1,"201":1,"203":1,"205":1},"branchMap":{"0":{"type":"branch","line":26,"loc":{"start":{"line":26,"column":0},"end":{"line":204,"column":1}},"locations":[{"start":{"line":26,"column":0},"end":{"line":204,"column":1}}]},"1":{"type":"branch","line":126,"loc":{"start":{"line":126,"column":11},"end":{"line":146,"column":18}},"locations":[{"start":{"line":126,"column":11},"end":{"line":146,"column":18}}]},"2":{"type":"branch","line":150,"loc":{"start":{"line":150,"column":27},"end":{"line":158,"column":18}},"locations":[{"start":{"line":150,"column":27},"end":{"line":158,"column":18}}]},"3":{"type":"branch","line":162,"loc":{"start":{"line":162,"column":32},"end":{"line":179,"column":18}},"locations":[{"start":{"line":162,"column":32},"end":{"line":179,"column":18}}]},"4":{"type":"branch","line":185,"loc":{"start":{"line":185,"column":11},"end":{"line":189,"column":18}},"locations":[{"start":{"line":185,"column":11},"end":{"line":189,"column":18}}]},"5":{"type":"branch","line":94,"loc":{"start":{"line":94,"column":12},"end":{"line":101,"column":5}},"locations":[{"start":{"line":94,"column":12},"end":{"line":101,"column":5}}]},"6":{"type":"branch","line":95,"loc":{"start":{"line":95,"column":27},"end":{"line":98,"column":6}},"locations":[{"start":{"line":95,"column":27},"end":{"line":98,"column":6}}]},"7":{"type":"branch","line":96,"loc":{"start":{"line":96,"column":63},"end":{"line":97,"column":34}},"locations":[{"start":{"line":96,"column":63},"end":{"line":97,"column":34}}]}},"b":{"0":[1],"1":[0],"2":[0],"3":[0],"4":[0],"5":[1],"6":[1],"7":[0]},"fnMap":{"0":{"name":"HomePage","decl":{"start":{"line":26,"column":0},"end":{"line":204,"column":1}},"loc":{"start":{"line":26,"column":0},"end":{"line":204,"column":1}},"line":26},"1":{"name":"handleFileUpload","decl":{"start":{"line":50,"column":27},"end":{"line":86,"column":4}},"loc":{"start":{"line":50,"column":27},"end":{"line":86,"column":4}},"line":50},"2":{"name":"getSubmissions","decl":{"start":{"line":95,"column":27},"end":{"line":98,"column":6}},"loc":{"start":{"line":95,"column":27},"end":{"line":98,"column":6}},"line":95}},"f":{"0":1,"1":0,"2":1}}
,"/Users/sam/Development/PCB/pcb/projects/client/src/services/ApiService.ts": {"path":"/Users/sam/Development/PCB/pcb/projects/client/src/services/ApiService.ts","all":false,"statementMap":{"0":{"start":{"line":1,"column":0},"end":{"line":1,"column":31}},"2":{"start":{"line":3,"column":0},"end":{"line":3,"column":93}},"3":{"start":{"line":4,"column":0},"end":{"line":4,"column":50}},"4":{"start":{"line":5,"column":0},"end":{"line":5,"column":7}},"5":{"start":{"line":6,"column":0},"end":{"line":6,"column":43}},"6":{"start":{"line":7,"column":0},"end":{"line":7,"column":65}},"7":{"start":{"line":8,"column":0},"end":{"line":8,"column":7}},"8":{"start":{"line":9,"column":0},"end":{"line":9,"column":7}},"9":{"start":{"line":10,"column":0},"end":{"line":10,"column":43}},"10":{"start":{"line":11,"column":0},"end":{"line":11,"column":8}},"12":{"start":{"line":13,"column":0},"end":{"line":13,"column":59}},"13":{"start":{"line":14,"column":0},"end":{"line":14,"column":19}},"14":{"start":{"line":15,"column":0},"end":{"line":15,"column":21}},"15":{"start":{"line":16,"column":0},"end":{"line":16,"column":58}},"16":{"start":{"line":17,"column":0},"end":{"line":17,"column":5}},"18":{"start":{"line":19,"column":0},"end":{"line":19,"column":16}},"19":{"start":{"line":20,"column":0},"end":{"line":20,"column":53}},"20":{"start":{"line":21,"column":0},"end":{"line":21,"column":55}},"21":{"start":{"line":22,"column":0},"end":{"line":22,"column":3}},"23":{"start":{"line":24,"column":0},"end":{"line":24,"column":20}},"24":{"start":{"line":25,"column":0},"end":{"line":25,"column":1}},"26":{"start":{"line":27,"column":0},"end":{"line":27,"column":66}},"27":{"start":{"line":28,"column":0},"end":{"line":28,"column":47}},"28":{"start":{"line":29,"column":0},"end":{"line":29,"column":1}},"30":{"start":{"line":31,"column":0},"end":{"line":31,"column":78}},"31":{"start":{"line":32,"column":0},"end":{"line":32,"column":48}},"32":{"start":{"line":33,"column":0},"end":{"line":33,"column":1}}},"s":{"0":1,"2":1,"3":1,"4":1,"5":1,"6":1,"7":1,"8":0,"9":0,"10":0,"12":1,"13":1,"14":1,"15":1,"16":1,"18":0,"19":0,"20":0,"21":0,"23":0,"24":0,"26":1,"27":1,"28":1,"30":0,"31":0,"32":0},"branchMap":{"0":{"type":"branch","line":3,"loc":{"start":{"line":3,"column":0},"end":{"line":25,"column":1}},"locations":[{"start":{"line":3,"column":0},"end":{"line":25,"column":1}}]},"1":{"type":"branch","line":8,"loc":{"start":{"line":8,"column":6},"end":{"line":11,"column":8}},"locations":[{"start":{"line":8,"column":6},"end":{"line":11,"column":8}}]},"2":{"type":"branch","line":16,"loc":{"start":{"line":16,"column":18},"end":{"line":16,"column":48}},"locations":[{"start":{"line":16,"column":18},"end":{"line":16,"column":48}}]},"3":{"type":"branch","line":17,"loc":{"start":{"line":17,"column":3},"end":{"line":25,"column":1}},"locations":[{"start":{"line":17,"column":3},"end":{"line":25,"column":1}}]},"4":{"type":"branch","line":27,"loc":{"start":{"line":27,"column":0},"end":{"line":29,"column":1}},"locations":[{"start":{"line":27,"column":0},"end":{"line":29,"column":1}}]}},"b":{"0":[1],"1":[0],"2":[0],"3":[0],"4":[1]},"fnMap":{"0":{"name":"api","decl":{"start":{"line":3,"column":0},"end":{"line":25,"column":1}},"loc":{"start":{"line":3,"column":0},"end":{"line":25,"column":1}},"line":3},"1":{"name":"get","decl":{"start":{"line":27,"column":0},"end":{"line":29,"column":1}},"loc":{"start":{"line":27,"column":0},"end":{"line":29,"column":1}},"line":27},"2":{"name":"post","decl":{"start":{"line":31,"column":0},"end":{"line":33,"column":1}},"loc":{"start":{"line":31,"column":0},"end":{"line":33,"column":1}},"line":31}},"f":{"0":1,"1":1,"2":0}}
,"/Users/sam/Development/PCB/pcb/projects/client/src/utils/graph.ts": {"path":"/Users/sam/Development/PCB/pcb/projects/client/src/utils/graph.ts","all":false,"statementMap":{"2":{"start":{"line":3,"column":0},"end":{"line":3,"column":71}},"3":{"start":{"line":4,"column":0},"end":{"line":4,"column":21}},"4":{"start":{"line":5,"column":0},"end":{"line":5,"column":45}},"5":{"start":{"line":6,"column":0},"end":{"line":6,"column":2}},"7":{"start":{"line":8,"column":0},"end":{"line":8,"column":61}},"8":{"start":{"line":9,"column":0},"end":{"line":9,"column":46}},"9":{"start":{"line":10,"column":0},"end":{"line":10,"column":14}},"10":{"start":{"line":11,"column":0},"end":{"line":11,"column":27}},"11":{"start":{"line":12,"column":0},"end":{"line":12,"column":21}},"12":{"start":{"line":13,"column":0},"end":{"line":13,"column":20}},"13":{"start":{"line":14,"column":0},"end":{"line":14,"column":22}},"14":{"start":{"line":15,"column":0},"end":{"line":15,"column":22}},"15":{"start":{"line":16,"column":0},"end":{"line":16,"column":16}},"16":{"start":{"line":17,"column":0},"end":{"line":17,"column":21}},"17":{"start":{"line":18,"column":0},"end":{"line":18,"column":16}},"18":{"start":{"line":19,"column":0},"end":{"line":19,"column":18}},"19":{"start":{"line":20,"column":0},"end":{"line":20,"column":17}},"20":{"start":{"line":21,"column":0},"end":{"line":21,"column":20}},"21":{"start":{"line":22,"column":0},"end":{"line":22,"column":15}},"22":{"start":{"line":23,"column":0},"end":{"line":23,"column":17}},"23":{"start":{"line":24,"column":0},"end":{"line":24,"column":22}},"24":{"start":{"line":25,"column":0},"end":{"line":25,"column":18}},"25":{"start":{"line":26,"column":0},"end":{"line":26,"column":17}},"26":{"start":{"line":27,"column":0},"end":{"line":27,"column":19}},"27":{"start":{"line":28,"column":0},"end":{"line":28,"column":18}},"28":{"start":{"line":29,"column":0},"end":{"line":29,"column":4}},"30":{"start":{"line":31,"column":0},"end":{"line":31,"column":44}},"31":{"start":{"line":32,"column":0},"end":{"line":32,"column":2}},"33":{"start":{"line":34,"column":0},"end":{"line":34,"column":105}},"34":{"start":{"line":35,"column":0},"end":{"line":35,"column":37}},"36":{"start":{"line":37,"column":0},"end":{"line":37,"column":88}},"37":{"start":{"line":38,"column":0},"end":{"line":38,"column":78}},"38":{"start":{"line":39,"column":0},"end":{"line":39,"column":78}},"39":{"start":{"line":40,"column":0},"end":{"line":40,"column":45}},"40":{"start":{"line":41,"column":0},"end":{"line":41,"column":93}},"41":{"start":{"line":42,"column":0},"end":{"line":42,"column":82}},"42":{"start":{"line":43,"column":0},"end":{"line":43,"column":67}},"44":{"start":{"line":45,"column":0},"end":{"line":45,"column":18}},"45":{"start":{"line":46,"column":0},"end":{"line":46,"column":2}},"47":{"start":{"line":48,"column":0},"end":{"line":48,"column":57}},"48":{"start":{"line":49,"column":0},"end":{"line":49,"column":43}},"50":{"start":{"line":51,"column":0},"end":{"line":51,"column":20}},"51":{"start":{"line":52,"column":0},"end":{"line":52,"column":43}},"52":{"start":{"line":53,"column":0},"end":{"line":53,"column":45}},"53":{"start":{"line":54,"column":0},"end":{"line":54,"column":45}},"54":{"start":{"line":55,"column":0},"end":{"line":55,"column":56}},"55":{"start":{"line":56,"column":0},"end":{"line":56,"column":54}},"56":{"start":{"line":57,"column":0},"end":{"line":57,"column":4}},"58":{"start":{"line":59,"column":0},"end":{"line":59,"column":28}},"59":{"start":{"line":60,"column":0},"end":{"line":60,"column":2}},"61":{"start":{"line":62,"column":0},"end":{"line":62,"column":65}},"62":{"start":{"line":63,"column":0},"end":{"line":63,"column":30}},"63":{"start":{"line":64,"column":0},"end":{"line":64,"column":59}},"66":{"start":{"line":67,"column":0},"end":{"line":67,"column":32}},"67":{"start":{"line":68,"column":0},"end":{"line":68,"column":71}},"68":{"start":{"line":69,"column":0},"end":{"line":69,"column":82}},"69":{"start":{"line":70,"column":0},"end":{"line":70,"column":96}},"70":{"start":{"line":71,"column":0},"end":{"line":71,"column":32}},"71":{"start":{"line":72,"column":0},"end":{"line":72,"column":5}},"74":{"start":{"line":75,"column":0},"end":{"line":75,"column":49}},"75":{"start":{"line":76,"column":0},"end":{"line":76,"column":82}},"76":{"start":{"line":77,"column":0},"end":{"line":77,"column":30}},"77":{"start":{"line":78,"column":0},"end":{"line":78,"column":71}},"78":{"start":{"line":79,"column":0},"end":{"line":79,"column":3}},"81":{"start":{"line":82,"column":0},"end":{"line":82,"column":28}},"82":{"start":{"line":83,"column":0},"end":{"line":83,"column":66}},"83":{"start":{"line":84,"column":0},"end":{"line":84,"column":57}},"84":{"start":{"line":85,"column":0},"end":{"line":85,"column":85}},"85":{"start":{"line":86,"column":0},"end":{"line":86,"column":5}},"87":{"start":{"line":88,"column":0},"end":{"line":88,"column":37}},"88":{"start":{"line":89,"column":0},"end":{"line":89,"column":57}},"89":{"start":{"line":90,"column":0},"end":{"line":90,"column":23}},"90":{"start":{"line":91,"column":0},"end":{"line":91,"column":86}},"91":{"start":{"line":92,"column":0},"end":{"line":92,"column":54}},"92":{"start":{"line":93,"column":0},"end":{"line":93,"column":81}},"93":{"start":{"line":94,"column":0},"end":{"line":94,"column":7}},"94":{"start":{"line":95,"column":0},"end":{"line":95,"column":7}},"95":{"start":{"line":96,"column":0},"end":{"line":96,"column":5}},"98":{"start":{"line":99,"column":0},"end":{"line":99,"column":73}},"99":{"start":{"line":100,"column":0},"end":{"line":100,"column":16}},"100":{"start":{"line":101,"column":0},"end":{"line":101,"column":83}},"101":{"start":{"line":102,"column":0},"end":{"line":102,"column":10}},"102":{"start":{"line":103,"column":0},"end":{"line":103,"column":88}},"103":{"start":{"line":104,"column":0},"end":{"line":104,"column":34}},"105":{"start":{"line":106,"column":0},"end":{"line":106,"column":85}},"106":{"start":{"line":107,"column":0},"end":{"line":107,"column":85}},"107":{"start":{"line":108,"column":0},"end":{"line":108,"column":7}},"108":{"start":{"line":109,"column":0},"end":{"line":109,"column":7}},"109":{"start":{"line":110,"column":0},"end":{"line":110,"column":3}},"112":{"start":{"line":113,"column":0},"end":{"line":113,"column":77}},"113":{"start":{"line":114,"column":0},"end":{"line":114,"column":31}},"114":{"start":{"line":115,"column":0},"end":{"line":115,"column":77}},"115":{"start":{"line":116,"column":0},"end":{"line":116,"column":3}},"117":{"start":{"line":118,"column":0},"end":{"line":118,"column":16}},"118":{"start":{"line":119,"column":0},"end":{"line":119,"column":2}},"120":{"start":{"line":121,"column":0},"end":{"line":121,"column":57}},"121":{"start":{"line":122,"column":0},"end":{"line":122,"column":60}},"122":{"start":{"line":123,"column":0},"end":{"line":123,"column":16}},"123":{"start":{"line":124,"column":0},"end":{"line":124,"column":18}},"125":{"start":{"line":126,"column":0},"end":{"line":126,"column":26}},"126":{"start":{"line":127,"column":0},"end":{"line":127,"column":6}},"128":{"start":{"line":129,"column":0},"end":{"line":129,"column":32}},"130":{"start":{"line":131,"column":0},"end":{"line":131,"column":31}},"131":{"start":{"line":132,"column":0},"end":{"line":132,"column":34}},"132":{"start":{"line":133,"column":0},"end":{"line":133,"column":44}},"133":{"start":{"line":134,"column":0},"end":{"line":134,"column":50}},"134":{"start":{"line":135,"column":0},"end":{"line":135,"column":20}},"135":{"start":{"line":136,"column":0},"end":{"line":136,"column":37}},"136":{"start":{"line":137,"column":0},"end":{"line":137,"column":37}},"137":{"start":{"line":138,"column":0},"end":{"line":138,"column":34}},"138":{"start":{"line":139,"column":0},"end":{"line":139,"column":34}},"139":{"start":{"line":140,"column":0},"end":{"line":140,"column":23}},"141":{"start":{"line":142,"column":0},"end":{"line":142,"column":46}},"142":{"start":{"line":143,"column":0},"end":{"line":143,"column":11}},"143":{"start":{"line":144,"column":0},"end":{"line":144,"column":7}},"144":{"start":{"line":145,"column":0},"end":{"line":145,"column":5}},"145":{"start":{"line":146,"column":0},"end":{"line":146,"column":5}},"147":{"start":{"line":148,"column":0},"end":{"line":148,"column":26}},"148":{"start":{"line":149,"column":0},"end":{"line":149,"column":2}},"150":{"start":{"line":151,"column":0},"end":{"line":151,"column":57}},"151":{"start":{"line":152,"column":0},"end":{"line":152,"column":20}},"152":{"start":{"line":153,"column":0},"end":{"line":153,"column":46}},"153":{"start":{"line":154,"column":0},"end":{"line":154,"column":34}},"154":{"start":{"line":155,"column":0},"end":{"line":155,"column":88}},"155":{"start":{"line":156,"column":0},"end":{"line":156,"column":52}},"156":{"start":{"line":157,"column":0},"end":{"line":157,"column":51}},"157":{"start":{"line":158,"column":0},"end":{"line":158,"column":23}},"158":{"start":{"line":159,"column":0},"end":{"line":159,"column":4}},"161":{"start":{"line":162,"column":0},"end":{"line":162,"column":38}},"162":{"start":{"line":163,"column":0},"end":{"line":163,"column":41}},"163":{"start":{"line":164,"column":0},"end":{"line":164,"column":77}},"164":{"start":{"line":165,"column":0},"end":{"line":165,"column":5}},"167":{"start":{"line":168,"column":0},"end":{"line":168,"column":31}},"168":{"start":{"line":169,"column":0},"end":{"line":169,"column":45}},"169":{"start":{"line":170,"column":0},"end":{"line":170,"column":83}},"170":{"start":{"line":171,"column":0},"end":{"line":171,"column":5}},"173":{"start":{"line":174,"column":0},"end":{"line":174,"column":29}},"174":{"start":{"line":175,"column":0},"end":{"line":175,"column":34}},"175":{"start":{"line":176,"column":0},"end":{"line":176,"column":30}},"176":{"start":{"line":177,"column":0},"end":{"line":177,"column":35}},"178":{"start":{"line":179,"column":0},"end":{"line":179,"column":18}},"179":{"start":{"line":180,"column":0},"end":{"line":180,"column":2}}},"s":{"2":1,"3":0,"4":0,"5":0,"7":1,"8":0,"9":0,"10":0,"11":0,"12":0,"13":0,"14":0,"15":0,"16":0,"17":0,"18":0,"19":0,"20":0,"21":0,"22":0,"23":0,"24":0,"25":0,"26":0,"27":0,"28":0,"30":0,"31":0,"33":1,"34":0,"36":0,"37":0,"38":0,"39":0,"40":0,"41":0,"42":0,"44":0,"45":0,"47":1,"48":0,"50":0,"51":0,"52":0,"53":0,"54":0,"55":0,"56":0,"58":0,"59":0,"61":1,"62":0,"63":0,"66":0,"67":0,"68":0,"69":0,"70":0,"71":0,"74":0,"75":0,"76":0,"77":0,"78":0,"81":0,"82":0,"83":0,"84":0,"85":0,"87":0,"88":0,"89":0,"90":0,"91":0,"92":0,"93":0,"94":0,"95":0,"98":0,"99":0,"100":0,"101":0,"102":0,"103":0,"105":0,"106":0,"107":0,"108":0,"109":0,"112":0,"113":0,"114":0,"115":0,"117":0,"118":0,"120":1,"121":0,"122":0,"123":0,"125":0,"126":0,"128":0,"130":0,"131":0,"132":0,"133":0,"134":0,"135":0,"136":0,"137":0,"138":0,"139":0,"141":0,"142":0,"143":0,"144":0,"145":0,"147":0,"148":0,"150":1,"151":0,"152":0,"153":0,"154":0,"155":0,"156":0,"157":0,"158":0,"161":0,"162":0,"163":0,"164":0,"167":0,"168":0,"169":0,"170":0,"173":0,"174":0,"175":0,"176":0,"178":0,"179":0},"branchMap":{},"b":{},"fnMap":{"0":{"name":"getPinOffset","decl":{"start":{"line":3,"column":28},"end":{"line":6,"column":2}},"loc":{"start":{"line":3,"column":28},"end":{"line":6,"column":2}},"line":3},"1":{"name":"getComponentSymbol","decl":{"start":{"line":8,"column":34},"end":{"line":32,"column":2}},"loc":{"start":{"line":8,"column":34},"end":{"line":32,"column":2}},"line":8},"2":{"name":"getNetCategory","decl":{"start":{"line":34,"column":30},"end":{"line":46,"column":2}},"loc":{"start":{"line":34,"column":30},"end":{"line":46,"column":2}},"line":34},"3":{"name":"getNetColor","decl":{"start":{"line":48,"column":27},"end":{"line":60,"column":2}},"loc":{"start":{"line":48,"column":27},"end":{"line":60,"column":2}},"line":48},"4":{"name":"validateNetlist","decl":{"start":{"line":62,"column":31},"end":{"line":119,"column":2}},"loc":{"start":{"line":62,"column":31},"end":{"line":119,"column":2}},"line":62},"5":{"name":"convertToGraph","decl":{"start":{"line":121,"column":30},"end":{"line":149,"column":2}},"loc":{"start":{"line":121,"column":30},"end":{"line":149,"column":2}},"line":121},"6":{"name":"analyzeCircuit","decl":{"start":{"line":151,"column":30},"end":{"line":180,"column":2}},"loc":{"start":{"line":151,"column":30},"end":{"line":180,"column":2}},"line":151}},"f":{"0":0,"1":0,"2":0,"3":0,"4":0,"5":0,"6":0}}
}
